2020-08-16T01:24:13+00:00 CRITICAL Uncaught Error: Call to a member function isGroup() on null in /opt/bitnami/apps/wordpress/htdocs/wp-content/plugins/smart-slider-3/Nextend/SmartSlider3/Application/Frontend/Slider/ViewIframe.php:39
Stack trace:
#0 /opt/bitnami/apps/wordpress/htdocs/wp-content/plugins/smart-slider-3/Nextend/SmartSlider3/Application/Frontend/Slider/ControllerPreRenderSlider.php(32): Nextend\SmartSlider3\Application\Frontend\Slider\ViewIframe->display()
#1 [internal function]: Nextend\SmartSlider3\Application\Frontend\Slider\ControllerPreRenderSlider->actionIframe()
#2 /opt/bitnami/apps/wordpress/htdocs/wp-content/plugins/smart-slider-3/Nextend/Framework/Controller/AbstractController.php(93): call_user_func_array()
#3 /opt/bitnami/apps/wordpress/htdocs/wp-content/plugins/smart-slider-3/Nextend/Framework/Application/AbstractApplicationType.php(88): Nextend\Framework\Controller\AbstractController->doAction()
#4 /opt/bitnami/apps/wordpress/htdocs/wp-content/plugins/smart-slider-3/Nextend/SmartSlider3/Platform/WordPress/WordPressFr en /opt/bitnami/apps/wordpress/htdocs/wp-content/plugins/smart-slider-3/Nextend/SmartSlider3/Application/Frontend/Slider/ViewIframe.php en la línea 39

2020-08-16T01:31:47+00:00 CRITICAL Uncaught Error: Call to a member function isGroup() on null in /opt/bitnami/apps/wordpress/htdocs/wp-content/plugins/smart-slider-3/Nextend/SmartSlider3/Application/Frontend/Slider/ViewIframe.php:39
Stack trace:
#0 /opt/bitnami/apps/wordpress/htdocs/wp-content/plugins/smart-slider-3/Nextend/SmartSlider3/Application/Frontend/Slider/ControllerPreRenderSlider.php(32): Nextend\SmartSlider3\Application\Frontend\Slider\ViewIframe->display()
#1 [internal function]: Nextend\SmartSlider3\Application\Frontend\Slider\ControllerPreRenderSlider->actionIframe()
#2 /opt/bitnami/apps/wordpress/htdocs/wp-content/plugins/smart-slider-3/Nextend/Framework/Controller/AbstractController.php(93): call_user_func_array()
#3 /opt/bitnami/apps/wordpress/htdocs/wp-content/plugins/smart-slider-3/Nextend/Framework/Application/AbstractApplicationType.php(88): Nextend\Framework\Controller\AbstractController->doAction()
#4 /opt/bitnami/apps/wordpress/htdocs/wp-content/plugins/smart-slider-3/Nextend/SmartSlider3/Platform/WordPress/WordPressFr en /opt/bitnami/apps/wordpress/htdocs/wp-content/plugins/smart-slider-3/Nextend/SmartSlider3/Application/Frontend/Slider/ViewIframe.php en la línea 39

2020-08-16T01:31:59+00:00 CRITICAL Uncaught Error: Call to a member function isGroup() on null in /opt/bitnami/apps/wordpress/htdocs/wp-content/plugins/smart-slider-3/Nextend/SmartSlider3/Application/Frontend/Slider/ViewIframe.php:39
Stack trace:
#0 /opt/bitnami/apps/wordpress/htdocs/wp-content/plugins/smart-slider-3/Nextend/SmartSlider3/Application/Frontend/Slider/ControllerPreRenderSlider.php(32): Nextend\SmartSlider3\Application\Frontend\Slider\ViewIframe->display()
#1 [internal function]: Nextend\SmartSlider3\Application\Frontend\Slider\ControllerPreRenderSlider->actionIframe()
#2 /opt/bitnami/apps/wordpress/htdocs/wp-content/plugins/smart-slider-3/Nextend/Framework/Controller/AbstractController.php(93): call_user_func_array()
#3 /opt/bitnami/apps/wordpress/htdocs/wp-content/plugins/smart-slider-3/Nextend/Framework/Application/AbstractApplicationType.php(88): Nextend\Framework\Controller\AbstractController->doAction()
#4 /opt/bitnami/apps/wordpress/htdocs/wp-content/plugins/smart-slider-3/Nextend/SmartSlider3/Platform/WordPress/WordPressFr en /opt/bitnami/apps/wordpress/htdocs/wp-content/plugins/smart-slider-3/Nextend/SmartSlider3/Application/Frontend/Slider/ViewIframe.php en la línea 39

2020-08-16T01:47:44+00:00 CRITICAL Uncaught Error: Call to a member function isGroup() on null in /opt/bitnami/apps/wordpress/htdocs/wp-content/plugins/smart-slider-3/Nextend/SmartSlider3/Application/Frontend/Slider/ViewIframe.php:39
Stack trace:
#0 /opt/bitnami/apps/wordpress/htdocs/wp-content/plugins/smart-slider-3/Nextend/SmartSlider3/Application/Frontend/Slider/ControllerPreRenderSlider.php(32): Nextend\SmartSlider3\Application\Frontend\Slider\ViewIframe->display()
#1 [internal function]: Nextend\SmartSlider3\Application\Frontend\Slider\ControllerPreRenderSlider->actionIframe()
#2 /opt/bitnami/apps/wordpress/htdocs/wp-content/plugins/smart-slider-3/Nextend/Framework/Controller/AbstractController.php(93): call_user_func_array()
#3 /opt/bitnami/apps/wordpress/htdocs/wp-content/plugins/smart-slider-3/Nextend/Framework/Application/AbstractApplicationType.php(88): Nextend\Framework\Controller\AbstractController->doAction()
#4 /opt/bitnami/apps/wordpress/htdocs/wp-content/plugins/smart-slider-3/Nextend/SmartSlider3/Platform/WordPress/WordPressFr en /opt/bitnami/apps/wordpress/htdocs/wp-content/plugins/smart-slider-3/Nextend/SmartSlider3/Application/Frontend/Slider/ViewIframe.php en la línea 39

2020-08-16T07:00:00+00:00 CRITICAL Uncaught Error: Call to a member function isGroup() on null in /opt/bitnami/apps/wordpress/htdocs/wp-content/plugins/smart-slider-3/Nextend/SmartSlider3/Application/Frontend/Slider/ViewIframe.php:39
Stack trace:
#0 /opt/bitnami/apps/wordpress/htdocs/wp-content/plugins/smart-slider-3/Nextend/SmartSlider3/Application/Frontend/Slider/ControllerPreRenderSlider.php(32): Nextend\SmartSlider3\Application\Frontend\Slider\ViewIframe->display()
#1 [internal function]: Nextend\SmartSlider3\Application\Frontend\Slider\ControllerPreRenderSlider->actionIframe()
#2 /opt/bitnami/apps/wordpress/htdocs/wp-content/plugins/smart-slider-3/Nextend/Framework/Controller/AbstractController.php(93): call_user_func_array()
#3 /opt/bitnami/apps/wordpress/htdocs/wp-content/plugins/smart-slider-3/Nextend/Framework/Application/AbstractApplicationType.php(88): Nextend\Framework\Controller\AbstractController->doAction()
#4 /opt/bitnami/apps/wordpress/htdocs/wp-content/plugins/smart-slider-3/Nextend/SmartSlider3/Platform/WordPress/WordPressFr en /opt/bitnami/apps/wordpress/htdocs/wp-content/plugins/smart-slider-3/Nextend/SmartSlider3/Application/Frontend/Slider/ViewIframe.php en la línea 39

2020-08-16T07:07:42+00:00 CRITICAL Uncaught Error: Call to a member function isGroup() on null in /opt/bitnami/apps/wordpress/htdocs/wp-content/plugins/smart-slider-3/Nextend/SmartSlider3/Application/Frontend/Slider/ViewIframe.php:39
Stack trace:
#0 /opt/bitnami/apps/wordpress/htdocs/wp-content/plugins/smart-slider-3/Nextend/SmartSlider3/Application/Frontend/Slider/ControllerPreRenderSlider.php(32): Nextend\SmartSlider3\Application\Frontend\Slider\ViewIframe->display()
#1 [internal function]: Nextend\SmartSlider3\Application\Frontend\Slider\ControllerPreRenderSlider->actionIframe()
#2 /opt/bitnami/apps/wordpress/htdocs/wp-content/plugins/smart-slider-3/Nextend/Framework/Controller/AbstractController.php(93): call_user_func_array()
#3 /opt/bitnami/apps/wordpress/htdocs/wp-content/plugins/smart-slider-3/Nextend/Framework/Application/AbstractApplicationType.php(88): Nextend\Framework\Controller\AbstractController->doAction()
#4 /opt/bitnami/apps/wordpress/htdocs/wp-content/plugins/smart-slider-3/Nextend/SmartSlider3/Platform/WordPress/WordPressFr en /opt/bitnami/apps/wordpress/htdocs/wp-content/plugins/smart-slider-3/Nextend/SmartSlider3/Application/Frontend/Slider/ViewIframe.php en la línea 39

